2025-02-24 13:26:21,285 - INFO - Script started at 2025-02-24
2025-02-24 13:26:21,311 - INFO - Using SMTP Server: smtp.gmail.com, Email: tituraj.jnv@gmail.com
2025-02-24 13:26:21,314 - INFO - Found 1 notifications to process.
2025-02-24 13:28:40,013 - INFO - Script started at 2025-02-24
2025-02-24 13:28:40,037 - INFO - Using SMTP Server: smtp.gmail.com, Email: tituraj.jnv@gmail.com
2025-02-24 13:28:40,039 - INFO - Found 1 notifications to process.
2025-02-24 13:29:44,435 - INFO - Script started at 2025-02-24
2025-02-24 13:29:44,460 - INFO - Using SMTP Server: smtp.gmail.com, Email: tituraj.jnv@gmail.com
2025-02-24 13:29:44,462 - INFO - Found 1 notifications to process.
2025-02-24 13:35:51,497 - INFO - Script started at 2025-02-24
2025-02-24 13:35:51,530 - INFO - Using SMTP Server: smtp.gmail.com, Email: tituraj.jnv@gmail.com
2025-02-24 13:35:51,534 - INFO - Found 1 notifications to process.
2025-02-24 13:37:16,297 - INFO - Script started at 2025-02-24
2025-02-24 13:37:16,322 - INFO - Using SMTP Server: smtp.gmail.com, Email: tituraj.jnv@gmail.com
2025-02-24 13:37:16,324 - INFO - Found 1 notifications to process.
2025-02-24 13:42:39,978 - INFO - Script started at 2025-02-24
2025-02-24 13:42:40,003 - INFO - Using SMTP Server: smtp.gmail.com, Email: tituraj.jnv@gmail.com
2025-02-24 13:42:40,006 - INFO - Found 1 notifications to process.
2025-02-24 13:42:42,810 - INFO - Notification email sent successfully for contract 6113344 to tituraj_doley@oilindia.in
2025-02-24 13:43:16,585 - INFO - Script started at 2025-02-24
2025-02-24 13:43:16,620 - INFO - Using SMTP Server: smtp.gmail.com, Email: tituraj.jnv@gmail.com
2025-02-24 13:43:16,623 - INFO - Found 1 notifications to process.
2025-02-24 13:43:19,455 - INFO - Notification email sent successfully for contract 6113344 to tituraj_doley@oilindia.in
2025-02-24 13:45:26,332 - INFO - Script started at 2025-02-24
2025-02-24 13:45:26,361 - INFO - Using SMTP Server: smtp.gmail.com, Email: tituraj.jnv@gmail.com
2025-02-24 13:45:26,365 - INFO - Found 1 notifications to process.
2025-02-24 13:45:29,236 - INFO - Notification email sent successfully for contract 6113344 to tituraj_doley@oilindia.in
2025-02-24 13:47:04,584 - INFO - Script started at 2025-02-24
2025-02-24 13:47:04,602 - INFO - Using SMTP Server: smtp.gmail.com, Email: tituraj.jnv@gmail.com
2025-02-24 13:47:04,604 - INFO - Found 1 notifications to process.
2025-02-24 13:47:07,321 - INFO - Notification email sent successfully for contract 6113344 to tituraj_doley@oilindia.in
2025-02-24 13:48:49,402 - INFO - Script started at 2025-02-24
2025-02-24 13:48:49,423 - INFO - Using SMTP Server: smtp.gmail.com, Email: tituraj.jnv@gmail.com
2025-02-24 13:48:49,425 - INFO - Found 1 notifications to process.
2025-02-24 13:48:52,126 - INFO - Notification email sent successfully for contract 6113344 to tituraj_doley@oilindia.in
2025-02-24 13:48:54,820 - INFO - Notification email sent successfully for contract 6113344 to tituraj.jnv@gmail.com
2025-02-25 17:24:05,106 - INFO - Script started at 2025-02-25
2025-02-25 17:24:05,152 - INFO - Using SMTP Server: smtp.gmail.com, Email: tituraj.jnv@gmail.com
2025-02-25 17:24:05,154 - INFO - Found 1 notifications to process.
2025-02-25 17:47:11,456 - INFO - Script started at 2025-02-25
2025-02-25 17:47:11,487 - INFO - Using SMTP Server: smtp.gmail.com, Email: tituraj.jnv@gmail.com
2025-02-25 17:47:11,489 - INFO - Found 1 notifications to process.
2025-02-25 17:47:11,495 - INFO - Contract 611888: Days remaining: 3, Notification days: [3, 10]
2025-02-25 17:47:16,065 - INFO - Notification email sent successfully for contract 611888 to tituraj.jnv@gmail.com
2025-03-04 15:30:23,997 - INFO - Script started at 2025-03-04
2025-03-04 15:30:24,206 - INFO - Using SMTP Server: smtp.gmail.com, Port: 465, User: tituraj.jnv@gmail.com
2025-03-04 15:30:24,248 - INFO - Found 1 notifications to process.
2025-03-04 15:30:24,292 - INFO - Contract 611888: Days remaining: -4, Notification days: [3, 10]
2025-03-04 15:32:57,333 - INFO - Script started at 2025-03-04
2025-03-04 15:32:57,370 - INFO - Using SMTP Server: smtp.gmail.com, Port: 465, User: tituraj.jnv@gmail.com
2025-03-04 15:32:57,372 - INFO - Found 1 notifications to process.
2025-03-04 15:32:57,377 - INFO - Contract 611888: Days remaining: -3, Notification days: [3, 10]
2025-03-04 15:33:44,299 - INFO - Script started at 2025-03-04
2025-03-04 15:33:44,325 - INFO - Using SMTP Server: smtp.gmail.com, Port: 465, User: tituraj.jnv@gmail.com
2025-03-04 15:33:44,327 - INFO - Found 1 notifications to process.
2025-03-04 15:33:44,331 - INFO - Contract 611888: Days remaining: 3, Notification days: [3, 10]
2025-03-04 15:36:18,379 - INFO - Script started at 2025-03-04
2025-03-04 15:39:05,072 - INFO - Script started at 2025-03-04
2025-03-04 15:39:05,100 - INFO - Using SMTP Server: smtp.gmail.com, Port: 465, User: tituraj.jnv@gmail.com
2025-03-04 15:39:05,102 - INFO - Found 1 notifications to process.
2025-03-04 15:39:05,108 - INFO - Contract 611888: Days remaining: 3, Notification days: [3, 10]
2025-03-04 15:39:08,842 - INFO - Notification email sent successfully for contract 611888 to tituraj.jnv@gmail.com
2025-03-05 04:37:06,333 - INFO - Script started at 2025-03-05
2025-03-05 04:37:06,356 - INFO - Using SMTP Server: smtp.gmail.com, Port: 465, User: tituraj.jnv@gmail.com
2025-03-05 04:37:06,359 - INFO - Found 1 notifications to process.
2025-03-05 04:37:06,363 - INFO - Contract 611888: Days remaining: 2, Notification days: [2, 10]
